-------------------------------------------------------------------------------
Test set: test.PersonaServiceTest
-------------------------------------------------------------------------------
Tests run: 1, Failures: 0, Errors: 1, Skipped: 0, Time elapsed: 52.142 sec <<< FAILURE!
testEJBPersonaService(test.PersonaServiceTest)  Time elapsed: 52.058 sec  <<< ERROR!
javax.ejb.EJBException: javax.ejb.EJBException: javax.ejb.CreateException: Could not create stateless EJB
	at com.sun.ejb.containers.StatelessSessionContainer._getContext(StatelessSessionContainer.java:454)
	at com.sun.ejb.containers.BaseContainer.getContext(BaseContainer.java:2547)
	at com.sun.ejb.containers.BaseContainer.preInvoke(BaseContainer.java:1899)
	at com.sun.ejb.containers.EJBLocalObjectInvocationHandler.invoke(EJBLocalObjectInvocationHandler.java:212)
	at com.sun.ejb.containers.EJBLocalObjectInvocationHandlerDelegate.invoke(EJBLocalObjectInvocationHandlerDelegate.java:89)
	at com.sun.proxy.$Proxy109.findAllPersonas(Unknown Source)
	at mx.com.gm.sga.servicio.PersonaServiceImpl.listarPersonas(PersonaServiceImpl.java:24)
	at sun.reflect.NativeMethodAccessorImpl.invoke0(Native Method)
	at sun.reflect.NativeMethodAccessorImpl.invoke(Unknown Source)
	at sun.reflect.DelegatingMethodAccessorImpl.invoke(Unknown Source)
	at java.lang.reflect.Method.invoke(Unknown Source)
	at org.glassfish.ejb.security.application.EJBSecurityManager.runMethod(EJBSecurityManager.java:1052)
	at org.glassfish.ejb.security.application.EJBSecurityManager.invoke(EJBSecurityManager.java:1124)
	at com.sun.ejb.containers.BaseContainer.invokeBeanMethod(BaseContainer.java:5388)
	at com.sun.ejb.EjbInvocation.invokeBeanMethod(EjbInvocation.java:619)
	at com.sun.ejb.containers.interceptors.AroundInvokeChainImpl.invokeNext(InterceptorManager.java:800)
	at com.sun.ejb.EjbInvocation.proceed(EjbInvocation.java:571)
	at com.sun.ejb.containers.interceptors.SystemInterceptorProxy.doAround(SystemInterceptorProxy.java:162)
	at com.sun.ejb.containers.interceptors.SystemInterceptorProxy.aroundInvoke(SystemInterceptorProxy.java:144)
	at sun.reflect.NativeMethodAccessorImpl.invoke0(Native Method)
	at sun.reflect.NativeMethodAccessorImpl.invoke(Unknown Source)
	at sun.reflect.DelegatingMethodAccessorImpl.invoke(Unknown Source)
	at java.lang.reflect.Method.invoke(Unknown Source)
	at com.sun.ejb.containers.interceptors.AroundInvokeInterceptor.intercept(InterceptorManager.java:861)
	at com.sun.ejb.containers.interceptors.AroundInvokeChainImpl.invokeNext(InterceptorManager.java:800)
	at com.sun.ejb.containers.interceptors.InterceptorManager.intercept(InterceptorManager.java:370)
	at com.sun.ejb.containers.BaseContainer.__intercept(BaseContainer.java:5360)
	at com.sun.ejb.containers.BaseContainer.intercept(BaseContainer.java:5348)
	at com.sun.ejb.containers.EJBLocalObjectInvocationHandler.invoke(EJBLocalObjectInvocationHandler.java:214)
	at com.sun.ejb.containers.EJBLocalObjectInvocationHandlerDelegate.invoke(EJBLocalObjectInvocationHandlerDelegate.java:89)
	at com.sun.proxy.$Proxy175.listarPersonas(Unknown Source)
	at test.PersonaServiceTest.testEJBPersonaService(PersonaServiceTest.java:31)
	at sun.reflect.NativeMethodAccessorImpl.invoke0(Native Method)
	at sun.reflect.NativeMethodAccessorImpl.invoke(Unknown Source)
	at sun.reflect.DelegatingMethodAccessorImpl.invoke(Unknown Source)
	at java.lang.reflect.Method.invoke(Unknown Source)
	at org.junit.runners.model.FrameworkMethod$1.runReflectiveCall(FrameworkMethod.java:45)
	at org.junit.internal.runners.model.ReflectiveCallable.run(ReflectiveCallable.java:15)
	at org.junit.runners.model.FrameworkMethod.invokeExplosively(FrameworkMethod.java:42)
	at org.junit.internal.runners.statements.InvokeMethod.evaluate(InvokeMethod.java:20)
	at org.junit.internal.runners.statements.RunBefores.evaluate(RunBefores.java:28)
	at org.junit.runners.ParentRunner.runLeaf(ParentRunner.java:263)
	at org.junit.runners.BlockJUnit4ClassRunner.runChild(BlockJUnit4ClassRunner.java:68)
	at org.junit.runners.BlockJUnit4ClassRunner.runChild(BlockJUnit4ClassRunner.java:47)
	at org.junit.runners.ParentRunner$3.run(ParentRunner.java:231)
	at org.junit.runners.ParentRunner$1.schedule(ParentRunner.java:60)
	at org.junit.runners.ParentRunner.runChildren(ParentRunner.java:229)
	at org.junit.runners.ParentRunner.access$000(ParentRunner.java:50)
	at org.junit.runners.ParentRunner$2.evaluate(ParentRunner.java:222)
	at org.junit.runners.ParentRunner.run(ParentRunner.java:300)
	at org.apache.maven.surefire.junit4.JUnit4Provider.execute(JUnit4Provider.java:252)
	at org.apache.maven.surefire.junit4.JUnit4Provider.executeTestSet(JUnit4Provider.java:141)
	at org.apache.maven.surefire.junit4.JUnit4Provider.invoke(JUnit4Provider.java:112)
	at sun.reflect.NativeMethodAccessorImpl.invoke0(Native Method)
	at sun.reflect.NativeMethodAccessorImpl.invoke(Unknown Source)
	at sun.reflect.DelegatingMethodAccessorImpl.invoke(Unknown Source)
	at java.lang.reflect.Method.invoke(Unknown Source)
	at org.apache.maven.surefire.util.ReflectionUtils.invokeMethodWithArray(ReflectionUtils.java:189)
	at org.apache.maven.surefire.booter.ProviderFactory$ProviderProxy.invoke(ProviderFactory.java:165)
	at org.apache.maven.surefire.booter.ProviderFactory.invokeProvider(ProviderFactory.java:85)
	at org.apache.maven.surefire.booter.ForkedBooter.runSuitesInProcess(ForkedBooter.java:115)
	at org.apache.maven.surefire.booter.ForkedBooter.main(ForkedBooter.java:75)
Caused by: javax.ejb.EJBException: javax.ejb.CreateException: Could not create stateless EJB
	at com.sun.ejb.containers.StatelessSessionContainer$SessionContextFactory.create(StatelessSessionContainer.java:726)
	at com.sun.ejb.containers.util.pool.NonBlockingPool.getObject(NonBlockingPool.java:247)
	at com.sun.ejb.containers.StatelessSessionContainer._getContext(StatelessSessionContainer.java:449)
	... 61 more
Caused by: javax.ejb.CreateException: Could not create stateless EJB
	at com.sun.ejb.containers.StatelessSessionContainer.createStatelessEJB(StatelessSessionContainer.java:534)
	at com.sun.ejb.containers.StatelessSessionContainer.access$000(StatelessSessionContainer.java:95)
	at com.sun.ejb.containers.StatelessSessionContainer$SessionContextFactory.create(StatelessSessionContainer.java:724)
	... 63 more
Caused by: javax.persistence.PersistenceException: [PersistenceUnit: PersonaPU] class or package not found
	at org.hibernate.ejb.Ejb3Configuration.addNamedAnnotatedClasses(Ejb3Configuration.java:1401)
	at org.hibernate.ejb.Ejb3Configuration.addClassesToSessionFactory(Ejb3Configuration.java:1184)
	at org.hibernate.ejb.Ejb3Configuration.configure(Ejb3Configuration.java:1048)
	at org.hibernate.ejb.Ejb3Configuration.configure(Ejb3Configuration.java:291)
	at org.hibernate.ejb.Ejb3Configuration.configure(Ejb3Configuration.java:373)
	at org.hibernate.ejb.HibernatePersistence.createEntityManagerFactory(HibernatePersistence.java:56)
	at javax.persistence.Persistence.createEntityManagerFactory(Unknown Source)
	at javax.persistence.Persistence.createEntityManagerFactory(Unknown Source)
	at mx.com.gm.sga.eis.PersonaDAOImp.<init>(PersonaDAOImp.java:23)
	at sun.reflect.NativeConstructorAccessorImpl.newInstance0(Native Method)
	at sun.reflect.NativeConstructorAccessorImpl.newInstance(Unknown Source)
	at sun.reflect.DelegatingConstructorAccessorImpl.newInstance(Unknown Source)
	at java.lang.reflect.Constructor.newInstance(Unknown Source)
	at java.lang.Class.newInstance(Unknown Source)
	at com.sun.ejb.containers.BaseContainer._constructEJBInstance(BaseContainer.java:1663)
	at com.sun.ejb.containers.BaseContainer.createEjbInstanceAndContext(BaseContainer.java:1646)
	at com.sun.ejb.containers.StatelessSessionContainer.createStatelessEJB(StatelessSessionContainer.java:475)
	... 65 more
Caused by: java.lang.ClassNotFoundException: beans.dominio.Persona
	at java.net.URLClassLoader$1.run(Unknown Source)
	at java.net.URLClassLoader$1.run(Unknown Source)
	at java.security.AccessController.doPrivileged(Native Method)
	at java.net.URLClassLoader.findClass(Unknown Source)
	at java.lang.ClassLoader.loadClass(Unknown Source)
	at sun.misc.Launcher$AppClassLoader.loadClass(Unknown Source)
	at java.lang.ClassLoader.loadClass(Unknown Source)
	at java.lang.Class.forName0(Native Method)
	at java.lang.Class.forName(Unknown Source)
	at org.hibernate.internal.util.ReflectHelper.classForName(ReflectHelper.java:170)
	at org.hibernate.ejb.Ejb3Configuration.classForName(Ejb3Configuration.java:1318)
	at org.hibernate.ejb.Ejb3Configuration.addNamedAnnotatedClasses(Ejb3Configuration.java:1390)
	... 81 more

